<?xml version="1.0" encoding="UTF-8" ?>
<testsuite tests="1" failures="0" name="CalculatorTest" time="0.001" errors="0" skipped="0">
  <properties>
    <property name="idea.version" value="2021.1.3"/>
    <property name="java.runtime.name" value="OpenJDK Runtime Environment"/>
    <property name="java.vm.version" value="15.0.2+7"/>
    <property name="sun.boot.library.path" value="/home/teszes/.jdks/adopt-openjdk-15.0.2/lib"/>
    <property name="maven.multiModuleProjectDirectory" value="/home/teszes/Projects/JUnitCalculator"/>
    <property name="java.vm.vendor" value="AdoptOpenJDK"/>
    <property name="java.vendor.url" value="https://adoptopenjdk.net/"/>
    <property name="guice.disable.misplaced.annotation.check" value="true"/>
    <property name="path.separator" value=":"/>
    <property name="java.vm.name" value="OpenJDK 64-Bit Server VM"/>
    <property name="user.country" value="US"/>
    <property name="sun.java.launcher" value="SUN_STANDARD"/>
    <property name="java.vm.specification.name" value="Java Virtual Machine Specification"/>
    <property name="user.dir" value="/home/teszes/Projects/JUnitCalculator"/>
    <property name="java.vm.compressedOopsMode" value="Zero based"/>
    <property name="java.runtime.version" value="15.0.2+7"/>
    <property name="os.arch" value="amd64"/>
    <property name="java.io.tmpdir" value="/tmp"/>
    <property name="line.separator" value="
"/>
    <property name="java.vm.specification.vendor" value="Oracle Corporation"/>
    <property name="os.name" value="Linux"/>
    <property name="maven.ext.class.path" value="/home/teszes/.local/share/JetBrains/Toolbox/apps/IDEA-U/ch-0/211.7628.21/plugins/maven/lib/maven-event-listener.jar"/>
    <property name="classworlds.conf" value="/home/teszes/.local/share/JetBrains/Toolbox/apps/IDEA-U/ch-0/211.7628.21/plugins/maven/lib/maven3/bin/m2.conf"/>
    <property name="sun.jnu.encoding" value="UTF-8"/>
    <property name="java.library.path" value="/usr/java/packages/lib:/usr/lib64:/lib64:/lib:/usr/lib"/>
    <property name="maven.conf" value="/home/teszes/.local/share/JetBrains/Toolbox/apps/IDEA-U/ch-0/211.7628.21/plugins/maven/lib/maven3/conf"/>
    <property name="jdk.debug" value="release"/>
    <property name="java.class.version" value="59.0"/>
    <property name="java.specification.name" value="Java Platform API Specification"/>
    <property name="sun.management.compiler" value="HotSpot 64-Bit Tiered Compilers"/>
    <property name="os.version" value="5.12.12-300.fc34.x86_64"/>
    <property name="user.home" value="/home/teszes"/>
    <property name="user.timezone" value="Europe/Amsterdam"/>
    <property name="file.encoding" value="UTF-8"/>
    <property name="java.specification.version" value="15"/>
    <property name="user.name" value="teszes"/>
    <property name="java.class.path" value="/home/teszes/.local/share/JetBrains/Toolbox/apps/IDEA-U/ch-0/211.7628.21/plugins/maven/lib/maven3/boot/plexus-classworlds-2.6.0.jar:/home/teszes/.local/share/JetBrains/Toolbox/apps/IDEA-U/ch-0/211.7628.21/plugins/maven/lib/maven3/boot/plexus-classworlds.license"/>
    <property name="java.vm.specification.version" value="15"/>
    <property name="sun.arch.data.model" value="64"/>
    <property name="sun.java.command" value="org.codehaus.classworlds.Launcher -Didea.version=2021.1.3 test"/>
    <property name="java.home" value="/home/teszes/.jdks/adopt-openjdk-15.0.2"/>
    <property name="user.language" value="en"/>
    <property name="java.specification.vendor" value="Oracle Corporation"/>
    <property name="java.vm.info" value="mixed mode, sharing"/>
    <property name="java.version" value="15.0.2"/>
    <property name="securerandom.source" value="file:/dev/./urandom"/>
    <property name="java.vendor" value="AdoptOpenJDK"/>
    <property name="maven.home" value="/home/teszes/.local/share/JetBrains/Toolbox/apps/IDEA-U/ch-0/211.7628.21/plugins/maven/lib/maven3"/>
    <property name="file.separator" value="/"/>
    <property name="java.version.date" value="2021-01-19"/>
    <property name="java.vendor.url.bug" value="https://github.com/AdoptOpenJDK/openjdk-support/issues"/>
    <property name="sun.io.unicode.encoding" value="UnicodeLittle"/>
    <property name="sun.cpu.endian" value="little"/>
    <property name="java.vendor.version" value="AdoptOpenJDK"/>
  </properties>
  <testcase classname="CalculatorTest" name="CalculatorTest.testSanityCheck" time="0.001"/>
</testsuite>